2022-02-09 20:48:06,996 DEBUG i.n.u.i.PlatformDependent0 [main] java.nio.Bits.unaligned: available, true
2022-02-09 20:48:07,002 DEBUG i.n.u.i.PlatformDependent0 [main] jdk.internal.misc.Unsafe.allocateUninitializedArray(int): unavailable
java.lang.IllegalAccessException: class io.netty.util.internal.PlatformDependent0$6 cannot access class jdk.internal.misc.Unsafe (in module java.base) because module java.base does not export jdk.internal.misc to unnamed module @1372ed45
	at jdk.internal.reflect.Reflection.newIllegalAccessException(Reflection.java:392) ~[?:?]
	at java.lang.reflect.AccessibleObject.checkAccess(AccessibleObject.java:674) ~[?:?]
	at java.lang.reflect.Method.invoke(Method.java:560) ~[?:?]
	at io.netty.util.internal.PlatformDependent0$6.run(PlatformDependent0.java:375) ~[netty-common-4.1.70.Final.jar:4.1.70.Final]
	at java.security.AccessController.doPrivileged(AccessController.java:318) ~[?:?]
	at io.netty.util.internal.PlatformDependent0.<clinit>(PlatformDependent0.java:366) [netty-common-4.1.70.Final.jar:4.1.70.Final]
	at io.netty.util.internal.PlatformDependent.isAndroid(PlatformDependent.java:294) [netty-common-4.1.70.Final.jar:4.1.70.Final]
	at io.netty.util.internal.PlatformDependent.<clinit>(PlatformDependent.java:88) [netty-common-4.1.70.Final.jar:4.1.70.Final]
	at io.netty.util.HashedWheelTimer.<init>(HashedWheelTimer.java:114) [netty-common-4.1.70.Final.jar:4.1.70.Final]
	at io.netty.util.HashedWheelTimer.<init>(HashedWheelTimer.java:251) [netty-common-4.1.70.Final.jar:4.1.70.Final]
	at io.netty.util.HashedWheelTimer.<init>(HashedWheelTimer.java:224) [netty-common-4.1.70.Final.jar:4.1.70.Final]
	at io.netty.util.HashedWheelTimer.<init>(HashedWheelTimer.java:203) [netty-common-4.1.70.Final.jar:4.1.70.Final]
	at org.asynchttpclient.DefaultAsyncHttpClient.newNettyTimer(DefaultAsyncHttpClient.java:111) [async-http-client-2.12.3.jar:?]
	at org.asynchttpclient.DefaultAsyncHttpClient.<init>(DefaultAsyncHttpClient.java:90) [async-http-client-2.12.3.jar:?]
	at org.asynchttpclient.Dsl.asyncHttpClient(Dsl.java:32) [async-http-client-2.12.3.jar:?]
	at org.openqa.selenium.remote.http.netty.NettyClient.createHttpClient(NettyClient.java:105) [selenium-remote-driver-4.1.1.jar:?]
	at org.openqa.selenium.remote.http.netty.NettyClient.<clinit>(NettyClient.java:50) [selenium-remote-driver-4.1.1.jar:?]
	at org.openqa.selenium.remote.http.netty.NettyClient$Factory.createClient(NettyClient.java:146) [selenium-remote-driver-4.1.1.jar:?]
	at org.openqa.selenium.remote.HttpCommandExecutor.<init>(HttpCommandExecutor.java:107) [selenium-remote-driver-4.1.1.jar:?]
	at org.openqa.selenium.remote.HttpCommandExecutor.<init>(HttpCommandExecutor.java:94) [selenium-remote-driver-4.1.1.jar:?]
	at org.openqa.selenium.remote.HttpCommandExecutor.<init>(HttpCommandExecutor.java:85) [selenium-remote-driver-4.1.1.jar:?]
	at org.openqa.selenium.remote.service.DriverCommandExecutor.<init>(DriverCommandExecutor.java:80) [selenium-remote-driver-4.1.1.jar:?]
	at org.openqa.selenium.chromium.ChromiumDriverCommandExecutor.<init>(ChromiumDriverCommandExecutor.java:35) [selenium-chromium-driver-4.1.1.jar:?]
	at org.openqa.selenium.chrome.ChromeDriver$ChromeDriverCommandExecutor.<init>(ChromeDriver.java:111) [selenium-chrome-driver-4.1.1.jar:?]
	at org.openqa.selenium.chrome.ChromeDriver.<init>(ChromeDriver.java:104) [selenium-chrome-driver-4.1.1.jar:?]
	at org.openqa.selenium.chrome.ChromeDriver.<init>(ChromeDriver.java:91) [selenium-chrome-driver-4.1.1.jar:?]
	at org.openqa.selenium.chrome.ChromeDriver.<init>(ChromeDriver.java:46) [selenium-chrome-driver-4.1.1.jar:?]
	at projecttestcases.log.main(log.java:16) [test-classes/:?]
